
______________________________________________________________________________________________

./intermediate_files/1/input_to_RCD/anchored_pMHC.log                Sun Feb 20 21:24:07 2022
______________________________________________________________________________________________

Input file:                    intermediate_files/1/input_to_RCD/anchored_pMHC.pdb


SOLUTIONS/TRIALS IN GENERATION LOOP 
___________________________________________________________________________________________________
rmsd_avg_solutions	rmsd_avg_trials		solutions	 trials 	solutions/trials (%)
       15.27331	            15.64492	            100	            214	            46.72897 
___________________________________________________________________________________________________


MON's TIMERS 
___________________________________________________________________________________________________
   total      sum loop[ms]   init  %  begin  % inside  %    inf  %    RCD  %
  0.0000   0.0000   0.0000 0.0000 -nan 0.0000 -nan 0.0000 -nan 0.0000 -nan 0.0000 -nan
___________________________________________________________________________________________________

DATA PROTEIN LOOP
PDB abbreviation protein:                          intermediate_files/1/input_to_RCD/anchored_pMHC
Start residue loop itself                                        3
End residue loop itself                                          7
Begin anchor residue                                             2
End anchor residue                                               8
Chain ID                                                         C


PARAMETER SETTINGS
Number closures/pdb                                            100
Maximum iteration count/closure                               6000
Maximum iteration count/perturbation cycle                     100
Index for saving a trajectory path                              95


SLOW TIMER
Number samples                                                 100
 
FAST TIMER STATISTICS         
 
--------------------------------------------------------------------------------
Parameter                       Exact (micros)       Rounded (micros)      
--------------------------------------------------------------------------------
 
Average                             103.290000                   103      
Standard deviation                   91.296530                    91      
Maximum                             609.000000                   609      
Minimum                              17.000000                    17      
Skewness                              2.422813                 2.423      
Kurtosis                             11.543949                11.544      
 
COUNTER STATISTICS            
 
--------------------------------------------------------------------------------
Parameter                                Exact               Rounded      
--------------------------------------------------------------------------------
 
Average                              94.890000                    95      
Standard deviation                  105.117913                   106      
Maximum                             706.000000                   706      
Minimum                               2.000000                     2      
Skewness                              2.649908                 2.650      
Kurtosis                             13.487562                13.488      
 
RMSD STATISTICS LOOP SOLUTIONS
 
--------------------------------------------------------------------------------
Parameter                      Exact (Angstrom)       Rounded (Angstrom)      
--------------------------------------------------------------------------------
 
Average                               0.000000                 0.000      
Standard deviation                    0.000000                 0.000      
Maximum                               0.000000                 0.000      
Minimum                               0.000000                 0.000      
Skewness                                  -nan                  -nan      
Kurtosis                                  -nan                  -nan      
 
BUMP (PD2) ENERGY STATISTICS LOOP SOLUTIONS
 
--------------------------------------------------------------------------------
Parameter                      Exact (Angstrom)       Rounded (Angstrom)      
--------------------------------------------------------------------------------
 
Average                               0.000000                 0.000      
Standard deviation                    0.000000                 0.000      
Maximum                               0.000000                 0.000      
Minimum                               0.000000                 0.000      
Skewness                                  -nan                  -nan      
Kurtosis                                  -nan                  -nan      
 
BUMP (PD2) EXTRA ENERGY STATISTICS LOOP SOLUTIONS
 
--------------------------------------------------------------------------------
Parameter                      Exact (Angstrom)       Rounded (Angstrom)      
--------------------------------------------------------------------------------
 
Average                               0.000000                 0.000      
Standard deviation                    0.000000                 0.000      
Maximum                               0.000000                 0.000      
Minimum                               0.000000                 0.000      
Skewness                                  -nan                  -nan      
Kurtosis                                  -nan                  -nan      
 
BUMP (PD2) INTRA ENERGY STATISTICS LOOP SOLUTIONS
 
--------------------------------------------------------------------------------
Parameter                      Exact (Angstrom)       Rounded (Angstrom)      
--------------------------------------------------------------------------------
 
Average                               0.000000                 0.000      
Standard deviation                    0.000000                 0.000      
Maximum                               0.000000                 0.000      
Minimum                               0.000000                 0.000      
Skewness                                  -nan                  -nan      
Kurtosis                                  -nan                  -nan      
 
Score statistics for LOOP SOLUTIONS
 
--------------------------------------------------------------------------------
Parameter                      Exact (Angstrom)       Rounded (Angstrom)      
--------------------------------------------------------------------------------
 
Average                            -157.515016              -157.515      
Standard deviation                   19.876619                19.877      
Maximum                            -116.317776              -116.318      
Minimum                            -206.258605              -206.259      
Skewness                             -0.241562                -0.242      
Kurtosis                              2.275366                 2.275      

Solutions/trials                                               100/100
Convergence fraction                                         1.000
 

COUNTER ANALYSIS
Total iteration count                                         9489
Average count/LC                                                94
 

POST-FILTER CLASH ANALYSIS
Loop closure solutions with clashes remaining                    0
Fraction post-filter clashes                                 0.000
 
